TN:
SF:gradeCalculations.js
FN:1,(anonymous_0)
FN:2,(anonymous_1)
FN:5,(anonymous_2)
FN:9,(anonymous_3)
FN:23,oo_cm
FN:23,oo_oo
FN:23,oo_tr
FN:23,oo_ts
FN:23,oo_te
FNF:9
FNH:6
FNDA:3,(anonymous_0)
FNDA:12,(anonymous_1)
FNDA:12,(anonymous_2)
FNDA:2,(anonymous_3)
FNDA:2,oo_cm
FNDA:2,oo_oo
FNDA:0,oo_tr
FNDA:0,oo_ts
FNDA:0,oo_te
DA:1,1
DA:2,12
DA:3,3
DA:5,12
DA:6,3
DA:9,1
DA:10,2
DA:11,2
DA:13,2
DA:14,1
DA:15,1
DA:17,1
DA:18,1
DA:22,1
DA:23,2
LF:15
LH:15
BRDA:3,0,0,0
BRDA:3,0,1,3
BRDA:13,1,0,1
BRDA:13,1,1,1
BRF:4
BRH:3
end_of_record
